<?xml version="1.0" encoding="UTF-8"?>
<coverage generated="1775205185049" clover="3.2.0">
  <project timestamp="1775205185049" name="All files">
    <metrics statements="129" coveredstatements="129" conditionals="186" coveredconditionals="186" methods="40" coveredmethods="40" elements="355" coveredelements="355" complexity="0" loc="129" ncloc="129" packages="1" files="4" classes="4"/>
    <file name="arrayUtils.js" path="/home/runner/work/bonda/bonda/src/arrayUtils.js">
      <metrics statements="31" coveredstatements="31" conditionals="36" coveredconditionals="36" methods="11" coveredmethods="11"/>
      <line num="7" count="8" type="cond" truecount="2" falsecount="0"/>
      <line num="8" count="6" type="stmt"/>
      <line num="18" count="7" type="cond" truecount="2" falsecount="0"/>
      <line num="19" count="5" type="stmt"/>
      <line num="29" count="5" type="cond" truecount="2" falsecount="0"/>
      <line num="30" count="4" type="cond" truecount="2" falsecount="0"/>
      <line num="31" count="3" type="stmt"/>
      <line num="32" count="6" type="stmt"/>
      <line num="33" count="6" type="cond" truecount="2" falsecount="0"/>
      <line num="34" count="6" type="stmt"/>
      <line num="35" count="6" type="stmt"/>
      <line num="46" count="8" type="cond" truecount="2" falsecount="0"/>
      <line num="47" count="7" type="cond" truecount="4" falsecount="0"/>
      <line num="48" count="4" type="stmt"/>
      <line num="49" count="4" type="stmt"/>
      <line num="50" count="7" type="stmt"/>
      <line num="52" count="4" type="stmt"/>
      <line num="62" count="7" type="cond" truecount="4" falsecount="0"/>
      <line num="63" count="5" type="stmt"/>
      <line num="64" count="12" type="stmt"/>
      <line num="74" count="7" type="cond" truecount="4" falsecount="0"/>
      <line num="75" count="5" type="stmt"/>
      <line num="76" count="10" type="stmt"/>
      <line num="87" count="7" type="cond" truecount="2" falsecount="0"/>
      <line num="88" count="6" type="cond" truecount="2" falsecount="0"/>
      <line num="89" count="5" type="stmt"/>
      <line num="90" count="13" type="cond" truecount="2" falsecount="0"/>
      <line num="91" count="8" type="cond" truecount="2" falsecount="0"/>
      <line num="92" count="2" type="stmt"/>
      <line num="94" count="5" type="cond" truecount="2" falsecount="0"/>
      <line num="97" count="1" type="stmt"/>
    </file>
    <file name="mathUtils.js" path="/home/runner/work/bonda/bonda/src/mathUtils.js">
      <metrics statements="36" coveredstatements="36" conditionals="57" coveredconditionals="57" methods="10" coveredmethods="10"/>
      <line num="9" count="10" type="cond" truecount="5" falsecount="0"/>
      <line num="10" count="2" type="stmt"/>
      <line num="12" count="8" type="cond" truecount="2" falsecount="0"/>
      <line num="13" count="7" type="stmt"/>
      <line num="22" count="11" type="cond" truecount="2" falsecount="0"/>
      <line num="23" count="25" type="cond" truecount="2" falsecount="0"/>
      <line num="24" count="22" type="stmt"/>
      <line num="33" count="6" type="cond" truecount="2" falsecount="0"/>
      <line num="34" count="5" type="cond" truecount="2" falsecount="0"/>
      <line num="35" count="4" type="stmt"/>
      <line num="44" count="26" type="cond" truecount="4" falsecount="0"/>
      <line num="45" count="24" type="cond" truecount="2" falsecount="0"/>
      <line num="46" count="23" type="cond" truecount="4" falsecount="0"/>
      <line num="47" count="18" type="stmt"/>
      <line num="56" count="22" type="cond" truecount="4" falsecount="0"/>
      <line num="57" count="20" type="cond" truecount="2" falsecount="0"/>
      <line num="58" count="17" type="stmt"/>
      <line num="59" count="25" type="cond" truecount="2" falsecount="0"/>
      <line num="61" count="9" type="stmt"/>
      <line num="71" count="14" type="cond" truecount="6" falsecount="0"/>
      <line num="72" count="2" type="stmt"/>
      <line num="74" count="12" type="stmt"/>
      <line num="75" count="12" type="stmt"/>
      <line num="76" count="12" type="stmt"/>
      <line num="77" count="26" type="stmt"/>
      <line num="79" count="12" type="stmt"/>
      <line num="89" count="8" type="cond" truecount="6" falsecount="0"/>
      <line num="90" count="2" type="stmt"/>
      <line num="92" count="6" type="cond" truecount="4" falsecount="0"/>
      <line num="93" count="4" type="stmt"/>
      <line num="103" count="9" type="cond" truecount="2" falsecount="0"/>
      <line num="104" count="8" type="cond" truecount="5" falsecount="0"/>
      <line num="105" count="2" type="stmt"/>
      <line num="107" count="6" type="stmt"/>
      <line num="108" count="6" type="stmt"/>
      <line num="111" count="1" type="stmt"/>
    </file>
    <file name="objectUtils.js" path="/home/runner/work/bonda/bonda/src/objectUtils.js">
      <metrics statements="37" coveredstatements="37" conditionals="67" coveredconditionals="67" methods="11" coveredmethods="11"/>
      <line num="7" count="24" type="cond" truecount="4" falsecount="0"/>
      <line num="8" count="10" type="cond" truecount="2" falsecount="0"/>
      <line num="9" count="8" type="stmt"/>
      <line num="19" count="31" type="cond" truecount="2" falsecount="0"/>
      <line num="20" count="21" type="cond" truecount="4" falsecount="0"/>
      <line num="21" count="19" type="cond" truecount="2" falsecount="0"/>
      <line num="22" count="17" type="cond" truecount="2" falsecount="0"/>
      <line num="23" count="12" type="cond" truecount="2" falsecount="0"/>
      <line num="24" count="11" type="stmt"/>
      <line num="25" count="11" type="stmt"/>
      <line num="26" count="11" type="cond" truecount="2" falsecount="0"/>
      <line num="27" count="14" type="stmt"/>
      <line num="37" count="7" type="cond" truecount="5" falsecount="0"/>
      <line num="38" count="5" type="cond" truecount="2" falsecount="0"/>
      <line num="39" count="4" type="stmt"/>
      <line num="40" count="5" type="cond" truecount="2" falsecount="0"/>
      <line num="41" count="5" type="stmt"/>
      <line num="52" count="7" type="cond" truecount="5" falsecount="0"/>
      <line num="53" count="5" type="cond" truecount="2" falsecount="0"/>
      <line num="54" count="4" type="stmt"/>
      <line num="55" count="9" type="stmt"/>
      <line num="65" count="10" type="cond" truecount="5" falsecount="0"/>
      <line num="66" count="8" type="cond" truecount="5" falsecount="0"/>
      <line num="67" count="6" type="stmt"/>
      <line num="68" count="6" type="stmt"/>
      <line num="69" count="8" type="cond" truecount="2" falsecount="0"/>
      <line num="77" count="1" type="stmt"/>
      <line num="79" count="7" type="stmt"/>
      <line num="82" count="6" type="stmt"/>
      <line num="92" count="11" type="cond" truecount="5" falsecount="0"/>
      <line num="93" count="9" type="stmt"/>
      <line num="94" count="10" type="cond" truecount="2" falsecount="0"/>
      <line num="95" count="10" type="cond" truecount="5" falsecount="0"/>
      <line num="96" count="4" type="stmt"/>
      <line num="98" count="6" type="stmt"/>
      <line num="100" count="10" type="stmt"/>
      <line num="104" count="1" type="stmt"/>
    </file>
    <file name="stringUtils.js" path="/home/runner/work/bonda/bonda/src/stringUtils.js">
      <metrics statements="25" coveredstatements="25" conditionals="26" coveredconditionals="26" methods="8" coveredmethods="8"/>
      <line num="7" count="8" type="cond" truecount="2" falsecount="0"/>
      <line num="8" count="5" type="cond" truecount="2" falsecount="0"/>
      <line num="9" count="4" type="stmt"/>
      <line num="18" count="7" type="cond" truecount="2" falsecount="0"/>
      <line num="19" count="5" type="stmt"/>
      <line num="28" count="9" type="cond" truecount="2" falsecount="0"/>
      <line num="29" count="8" type="stmt"/>
      <line num="30" count="8" type="stmt"/>
      <line num="40" count="8" type="cond" truecount="2" falsecount="0"/>
      <line num="41" count="7" type="cond" truecount="4" falsecount="0"/>
      <line num="42" count="5" type="cond" truecount="2" falsecount="0"/>
      <line num="43" count="2" type="stmt"/>
      <line num="53" count="8" type="cond" truecount="4" falsecount="0"/>
      <line num="54" count="6" type="cond" truecount="2" falsecount="0"/>
      <line num="55" count="5" type="stmt"/>
      <line num="56" count="5" type="stmt"/>
      <line num="57" count="5" type="stmt"/>
      <line num="58" count="6" type="stmt"/>
      <line num="59" count="6" type="stmt"/>
      <line num="61" count="5" type="stmt"/>
      <line num="70" count="6" type="cond" truecount="2" falsecount="0"/>
      <line num="71" count="5" type="stmt"/>
      <line num="80" count="5" type="cond" truecount="2" falsecount="0"/>
      <line num="81" count="4" type="stmt"/>
      <line num="84" count="1" type="stmt"/>
    </file>
  </project>
</coverage>
