{"/home/runner/work/bonda/bonda/src/arrayUtils.js": {"path":"/home/runner/work/bonda/bonda/src/arrayUtils.js","statementMap":{"0":{"start":{"line":7,"column":2},"end":{"line":7,"column":73}},"1":{"start":{"line":7,"column":27},"end":{"line":7,"column":73}},"2":{"start":{"line":8,"column":2},"end":{"line":8,"column":27}},"3":{"start":{"line":18,"column":2},"end":{"line":18,"column":73}},"4":{"start":{"line":18,"column":27},"end":{"line":18,"column":73}},"5":{"start":{"line":19,"column":2},"end":{"line":19,"column":25}},"6":{"start":{"line":29,"column":2},"end":{"line":29,"column":73}},"7":{"start":{"line":29,"column":27},"end":{"line":29,"column":73}},"8":{"start":{"line":30,"column":2},"end":{"line":30,"column":75}},"9":{"start":{"line":30,"column":31},"end":{"line":30,"column":75}},"10":{"start":{"line":31,"column":2},"end":{"line":36,"column":9}},"11":{"start":{"line":32,"column":18},"end":{"line":32,"column":27}},"12":{"start":{"line":33,"column":4},"end":{"line":33,"column":37}},"13":{"start":{"line":33,"column":21},"end":{"line":33,"column":37}},"14":{"start":{"line":34,"column":4},"end":{"line":34,"column":26}},"15":{"start":{"line":35,"column":4},"end":{"line":35,"column":15}},"16":{"start":{"line":46,"column":2},"end":{"line":46,"column":73}},"17":{"start":{"line":46,"column":27},"end":{"line":46,"column":73}},"18":{"start":{"line":47,"column":2},"end":{"line":47,"column":100}},"19":{"start":{"line":47,"column":45},"end":{"line":47,"column":100}},"20":{"start":{"line":48,"column":17},"end":{"line":48,"column":19}},"21":{"start":{"line":49,"column":2},"end":{"line":51,"column":3}},"22":{"start":{"line":49,"column":15},"end":{"line":49,"column":16}},"23":{"start":{"line":50,"column":4},"end":{"line":50,"column":40}},"24":{"start":{"line":52,"column":2},"end":{"line":52,"column":16}},"25":{"start":{"line":62,"column":2},"end":{"line":62,"column":102}},"26":{"start":{"line":62,"column":52},"end":{"line":62,"column":102}},"27":{"start":{"line":63,"column":15},"end":{"line":63,"column":28}},"28":{"start":{"line":64,"column":2},"end":{"line":64,"column":46}},"29":{"start":{"line":64,"column":29},"end":{"line":64,"column":44}},"30":{"start":{"line":74,"column":2},"end":{"line":74,"column":102}},"31":{"start":{"line":74,"column":52},"end":{"line":74,"column":102}},"32":{"start":{"line":75,"column":15},"end":{"line":75,"column":28}},"33":{"start":{"line":76,"column":2},"end":{"line":76,"column":59}},"34":{"start":{"line":76,"column":41},"end":{"line":76,"column":55}},"35":{"start":{"line":87,"column":2},"end":{"line":87,"column":73}},"36":{"start":{"line":87,"column":27},"end":{"line":87,"column":73}},"37":{"start":{"line":88,"column":2},"end":{"line":88,"column":75}},"38":{"start":{"line":88,"column":31},"end":{"line":88,"column":75}},"39":{"start":{"line":89,"column":17},"end":{"line":93,"column":4}},"40":{"start":{"line":90,"column":4},"end":{"line":90,"column":35}},"41":{"start":{"line":90,"column":25},"end":{"line":90,"column":35}},"42":{"start":{"line":91,"column":4},"end":{"line":91,"column":34}},"43":{"start":{"line":91,"column":25},"end":{"line":91,"column":34}},"44":{"start":{"line":92,"column":4},"end":{"line":92,"column":13}},"45":{"start":{"line":94,"column":2},"end":{"line":94,"column":54}},"46":{"start":{"line":97,"column":0},"end":{"line":97,"column":87}}},"fnMap":{"0":{"name":"unique","decl":{"start":{"line":6,"column":9},"end":{"line":6,"column":15}},"loc":{"start":{"line":6,"column":21},"end":{"line":9,"column":1}},"line":6},"1":{"name":"flatten","decl":{"start":{"line":17,"column":9},"end":{"line":17,"column":16}},"loc":{"start":{"line":17,"column":33},"end":{"line":20,"column":1}},"line":17},"2":{"name":"groupBy","decl":{"start":{"line":28,"column":9},"end":{"line":28,"column":16}},"loc":{"start":{"line":28,"column":27},"end":{"line":37,"column":1}},"line":28},"3":{"name":"(anonymous_3)","decl":{"start":{"line":31,"column":20},"end":{"line":31,"column":21}},"loc":{"start":{"line":31,"column":35},"end":{"line":36,"column":3}},"line":31},"4":{"name":"chunk","decl":{"start":{"line":45,"column":9},"end":{"line":45,"column":14}},"loc":{"start":{"line":45,"column":26},"end":{"line":53,"column":1}},"line":45},"5":{"name":"difference","decl":{"start":{"line":61,"column":9},"end":{"line":61,"column":19}},"loc":{"start":{"line":61,"column":32},"end":{"line":65,"column":1}},"line":61},"6":{"name":"(anonymous_6)","decl":{"start":{"line":64,"column":21},"end":{"line":64,"column":22}},"loc":{"start":{"line":64,"column":29},"end":{"line":64,"column":44}},"line":64},"7":{"name":"intersection","decl":{"start":{"line":73,"column":9},"end":{"line":73,"column":21}},"loc":{"start":{"line":73,"column":34},"end":{"line":77,"column":1}},"line":73},"8":{"name":"(anonymous_8)","decl":{"start":{"line":76,"column":33},"end":{"line":76,"column":34}},"loc":{"start":{"line":76,"column":41},"end":{"line":76,"column":55}},"line":76},"9":{"name":"sortBy","decl":{"start":{"line":86,"column":9},"end":{"line":86,"column":15}},"loc":{"start":{"line":86,"column":41},"end":{"line":95,"column":1}},"line":86},"10":{"name":"(anonymous_10)","decl":{"start":{"line":89,"column":31},"end":{"line":89,"column":32}},"loc":{"start":{"line":89,"column":41},"end":{"line":93,"column":3}},"line":89}},"branchMap":{"0":{"loc":{"start":{"line":7,"column":2},"end":{"line":7,"column":73}},"type":"if","locations":[{"start":{"line":7,"column":2},"end":{"line":7,"column":73}},{"start":{},"end":{}}],"line":7},"1":{"loc":{"start":{"line":17,"column":22},"end":{"line":17,"column":31}},"type":"default-arg","locations":[{"start":{"line":17,"column":30},"end":{"line":17,"column":31}}],"line":17},"2":{"loc":{"start":{"line":18,"column":2},"end":{"line":18,"column":73}},"type":"if","locations":[{"start":{"line":18,"column":2},"end":{"line":18,"column":73}},{"start":{},"end":{}}],"line":18},"3":{"loc":{"start":{"line":29,"column":2},"end":{"line":29,"column":73}},"type":"if","locations":[{"start":{"line":29,"column":2},"end":{"line":29,"column":73}},{"start":{},"end":{}}],"line":29},"4":{"loc":{"start":{"line":30,"column":2},"end":{"line":30,"column":75}},"type":"if","locations":[{"start":{"line":30,"column":2},"end":{"line":30,"column":75}},{"start":{},"end":{}}],"line":30},"5":{"loc":{"start":{"line":33,"column":4},"end":{"line":33,"column":37}},"type":"if","locations":[{"start":{"line":33,"column":4},"end":{"line":33,"column":37}},{"start":{},"end":{}}],"line":33},"6":{"loc":{"start":{"line":46,"column":2},"end":{"line":46,"column":73}},"type":"if","locations":[{"start":{"line":46,"column":2},"end":{"line":46,"column":73}},{"start":{},"end":{}}],"line":46},"7":{"loc":{"start":{"line":47,"column":2},"end":{"line":47,"column":100}},"type":"if","locations":[{"start":{"line":47,"column":2},"end":{"line":47,"column":100}},{"start":{},"end":{}}],"line":47},"8":{"loc":{"start":{"line":47,"column":6},"end":{"line":47,"column":43}},"type":"binary-expr","locations":[{"start":{"line":47,"column":6},"end":{"line":47,"column":30}},{"start":{"line":47,"column":34},"end":{"line":47,"column":43}}],"line":47},"9":{"loc":{"start":{"line":62,"column":2},"end":{"line":62,"column":102}},"type":"if","locations":[{"start":{"line":62,"column":2},"end":{"line":62,"column":102}},{"start":{},"end":{}}],"line":62},"10":{"loc":{"start":{"line":62,"column":6},"end":{"line":62,"column":50}},"type":"binary-expr","locations":[{"start":{"line":62,"column":6},"end":{"line":62,"column":26}},{"start":{"line":62,"column":30},"end":{"line":62,"column":50}}],"line":62},"11":{"loc":{"start":{"line":74,"column":2},"end":{"line":74,"column":102}},"type":"if","locations":[{"start":{"line":74,"column":2},"end":{"line":74,"column":102}},{"start":{},"end":{}}],"line":74},"12":{"loc":{"start":{"line":74,"column":6},"end":{"line":74,"column":50}},"type":"binary-expr","locations":[{"start":{"line":74,"column":6},"end":{"line":74,"column":26}},{"start":{"line":74,"column":30},"end":{"line":74,"column":50}}],"line":74},"13":{"loc":{"start":{"line":86,"column":26},"end":{"line":86,"column":39}},"type":"default-arg","locations":[{"start":{"line":86,"column":34},"end":{"line":86,"column":39}}],"line":86},"14":{"loc":{"start":{"line":87,"column":2},"end":{"line":87,"column":73}},"type":"if","locations":[{"start":{"line":87,"column":2},"end":{"line":87,"column":73}},{"start":{},"end":{}}],"line":87},"15":{"loc":{"start":{"line":88,"column":2},"end":{"line":88,"column":75}},"type":"if","locations":[{"start":{"line":88,"column":2},"end":{"line":88,"column":75}},{"start":{},"end":{}}],"line":88},"16":{"loc":{"start":{"line":90,"column":4},"end":{"line":90,"column":35}},"type":"if","locations":[{"start":{"line":90,"column":4},"end":{"line":90,"column":35}},{"start":{},"end":{}}],"line":90},"17":{"loc":{"start":{"line":91,"column":4},"end":{"line":91,"column":34}},"type":"if","locations":[{"start":{"line":91,"column":4},"end":{"line":91,"column":34}},{"start":{},"end":{}}],"line":91},"18":{"loc":{"start":{"line":94,"column":9},"end":{"line":94,"column":53}},"type":"cond-expr","locations":[{"start":{"line":94,"column":28},"end":{"line":94,"column":44}},{"start":{"line":94,"column":47},"end":{"line":94,"column":53}}],"line":94}},"s":{"0":8,"1":2,"2":6,"3":7,"4":2,"5":5,"6":5,"7":1,"8":4,"9":1,"10":3,"11":6,"12":6,"13":4,"14":6,"15":6,"16":8,"17":1,"18":7,"19":3,"20":4,"21":4,"22":4,"23":7,"24":4,"25":7,"26":2,"27":5,"28":5,"29":12,"30":7,"31":2,"32":5,"33":5,"34":10,"35":7,"36":1,"37":6,"38":1,"39":5,"40":13,"41":5,"42":8,"43":6,"44":2,"45":5,"46":1},"f":{"0":8,"1":7,"2":5,"3":6,"4":8,"5":7,"6":12,"7":7,"8":10,"9":7,"10":13},"b":{"0":[2,6],"1":[5],"2":[2,5],"3":[1,4],"4":[1,3],"5":[4,2],"6":[1,7],"7":[3,4],"8":[7,6],"9":[2,5],"10":[7,6],"11":[2,5],"12":[7,6],"13":[6],"14":[1,6],"15":[1,5],"16":[5,8],"17":[6,2],"18":[1,4]},"_coverageSchema":"1a1c01bbd47fc00a2c39e90264f33305004495a9","hash":"4e6ae28d24b6ca18fa811a7752458a6c0e786052"}
,"/home/runner/work/bonda/bonda/src/mathUtils.js": {"path":"/home/runner/work/bonda/bonda/src/mathUtils.js","statementMap":{"0":{"start":{"line":9,"column":2},"end":{"line":11,"column":3}},"1":{"start":{"line":10,"column":4},"end":{"line":10,"column":57}},"2":{"start":{"line":12,"column":2},"end":{"line":12,"column":79}},"3":{"start":{"line":12,"column":17},"end":{"line":12,"column":79}},"4":{"start":{"line":13,"column":2},"end":{"line":13,"column":43}},"5":{"start":{"line":22,"column":2},"end":{"line":22,"column":73}},"6":{"start":{"line":22,"column":27},"end":{"line":22,"column":73}},"7":{"start":{"line":23,"column":2},"end":{"line":23,"column":96}},"8":{"start":{"line":23,"column":20},"end":{"line":23,"column":41}},"9":{"start":{"line":23,"column":44},"end":{"line":23,"column":96}},"10":{"start":{"line":24,"column":2},"end":{"line":24,"column":44}},"11":{"start":{"line":24,"column":32},"end":{"line":24,"column":39}},"12":{"start":{"line":33,"column":2},"end":{"line":33,"column":73}},"13":{"start":{"line":33,"column":27},"end":{"line":33,"column":73}},"14":{"start":{"line":34,"column":2},"end":{"line":34,"column":72}},"15":{"start":{"line":34,"column":24},"end":{"line":34,"column":72}},"16":{"start":{"line":35,"column":2},"end":{"line":35,"column":31}},"17":{"start":{"line":44,"column":2},"end":{"line":44,"column":101}},"18":{"start":{"line":44,"column":53},"end":{"line":44,"column":101}},"19":{"start":{"line":45,"column":2},"end":{"line":45,"column":74}},"20":{"start":{"line":45,"column":13},"end":{"line":45,"column":74}},"21":{"start":{"line":46,"column":2},"end":{"line":46,"column":35}},"22":{"start":{"line":46,"column":26},"end":{"line":46,"column":35}},"23":{"start":{"line":47,"column":2},"end":{"line":47,"column":30}},"24":{"start":{"line":56,"column":2},"end":{"line":56,"column":101}},"25":{"start":{"line":56,"column":53},"end":{"line":56,"column":101}},"26":{"start":{"line":57,"column":2},"end":{"line":57,"column":26}},"27":{"start":{"line":57,"column":13},"end":{"line":57,"column":26}},"28":{"start":{"line":58,"column":2},"end":{"line":60,"column":3}},"29":{"start":{"line":58,"column":15},"end":{"line":58,"column":16}},"30":{"start":{"line":59,"column":4},"end":{"line":59,"column":34}},"31":{"start":{"line":59,"column":21},"end":{"line":59,"column":34}},"32":{"start":{"line":61,"column":2},"end":{"line":61,"column":14}},"33":{"start":{"line":71,"column":2},"end":{"line":73,"column":3}},"34":{"start":{"line":72,"column":4},"end":{"line":72,"column":56}},"35":{"start":{"line":74,"column":2},"end":{"line":74,"column":18}},"36":{"start":{"line":75,"column":2},"end":{"line":75,"column":18}},"37":{"start":{"line":76,"column":2},"end":{"line":78,"column":3}},"38":{"start":{"line":77,"column":4},"end":{"line":77,"column":24}},"39":{"start":{"line":79,"column":2},"end":{"line":79,"column":11}},"40":{"start":{"line":89,"column":2},"end":{"line":91,"column":3}},"41":{"start":{"line":90,"column":4},"end":{"line":90,"column":56}},"42":{"start":{"line":92,"column":2},"end":{"line":92,"column":35}},"43":{"start":{"line":92,"column":26},"end":{"line":92,"column":35}},"44":{"start":{"line":93,"column":2},"end":{"line":93,"column":37}},"45":{"start":{"line":103,"column":2},"end":{"line":103,"column":75}},"46":{"start":{"line":103,"column":31},"end":{"line":103,"column":75}},"47":{"start":{"line":104,"column":2},"end":{"line":106,"column":3}},"48":{"start":{"line":105,"column":4},"end":{"line":105,"column":68}},"49":{"start":{"line":107,"column":17},"end":{"line":107,"column":39}},"50":{"start":{"line":108,"column":2},"end":{"line":108,"column":43}},"51":{"start":{"line":111,"column":0},"end":{"line":111,"column":80}}},"fnMap":{"0":{"name":"clamp","decl":{"start":{"line":8,"column":9},"end":{"line":8,"column":14}},"loc":{"start":{"line":8,"column":30},"end":{"line":14,"column":1}},"line":8},"1":{"name":"sum","decl":{"start":{"line":21,"column":9},"end":{"line":21,"column":12}},"loc":{"start":{"line":21,"column":18},"end":{"line":25,"column":1}},"line":21},"2":{"name":"(anonymous_2)","decl":{"start":{"line":23,"column":15},"end":{"line":23,"column":16}},"loc":{"start":{"line":23,"column":20},"end":{"line":23,"column":41}},"line":23},"3":{"name":"(anonymous_3)","decl":{"start":{"line":24,"column":20},"end":{"line":24,"column":21}},"loc":{"start":{"line":24,"column":32},"end":{"line":24,"column":39}},"line":24},"4":{"name":"average","decl":{"start":{"line":32,"column":9},"end":{"line":32,"column":16}},"loc":{"start":{"line":32,"column":22},"end":{"line":36,"column":1}},"line":32},"5":{"name":"factorial","decl":{"start":{"line":43,"column":9},"end":{"line":43,"column":18}},"loc":{"start":{"line":43,"column":22},"end":{"line":48,"column":1}},"line":43},"6":{"name":"isPrime","decl":{"start":{"line":55,"column":9},"end":{"line":55,"column":16}},"loc":{"start":{"line":55,"column":20},"end":{"line":62,"column":1}},"line":55},"7":{"name":"gcd","decl":{"start":{"line":70,"column":9},"end":{"line":70,"column":12}},"loc":{"start":{"line":70,"column":19},"end":{"line":80,"column":1}},"line":70},"8":{"name":"lcm","decl":{"start":{"line":88,"column":9},"end":{"line":88,"column":12}},"loc":{"start":{"line":88,"column":19},"end":{"line":94,"column":1}},"line":88},"9":{"name":"roundTo","decl":{"start":{"line":102,"column":9},"end":{"line":102,"column":16}},"loc":{"start":{"line":102,"column":36},"end":{"line":109,"column":1}},"line":102}},"branchMap":{"0":{"loc":{"start":{"line":9,"column":2},"end":{"line":11,"column":3}},"type":"if","locations":[{"start":{"line":9,"column":2},"end":{"line":11,"column":3}},{"start":{},"end":{}}],"line":9},"1":{"loc":{"start":{"line":9,"column":6},"end":{"line":9,"column":83}},"type":"binary-expr","locations":[{"start":{"line":9,"column":6},"end":{"line":9,"column":29}},{"start":{"line":9,"column":33},"end":{"line":9,"column":56}},{"start":{"line":9,"column":60},"end":{"line":9,"column":83}}],"line":9},"2":{"loc":{"start":{"line":12,"column":2},"end":{"line":12,"column":79}},"type":"if","locations":[{"start":{"line":12,"column":2},"end":{"line":12,"column":79}},{"start":{},"end":{}}],"line":12},"3":{"loc":{"start":{"line":22,"column":2},"end":{"line":22,"column":73}},"type":"if","locations":[{"start":{"line":22,"column":2},"end":{"line":22,"column":73}},{"start":{},"end":{}}],"line":22},"4":{"loc":{"start":{"line":23,"column":2},"end":{"line":23,"column":96}},"type":"if","locations":[{"start":{"line":23,"column":2},"end":{"line":23,"column":96}},{"start":{},"end":{}}],"line":23},"5":{"loc":{"start":{"line":33,"column":2},"end":{"line":33,"column":73}},"type":"if","locations":[{"start":{"line":33,"column":2},"end":{"line":33,"column":73}},{"start":{},"end":{}}],"line":33},"6":{"loc":{"start":{"line":34,"column":2},"end":{"line":34,"column":72}},"type":"if","locations":[{"start":{"line":34,"column":2},"end":{"line":34,"column":72}},{"start":{},"end":{}}],"line":34},"7":{"loc":{"start":{"line":44,"column":2},"end":{"line":44,"column":101}},"type":"if","locations":[{"start":{"line":44,"column":2},"end":{"line":44,"column":101}},{"start":{},"end":{}}],"line":44},"8":{"loc":{"start":{"line":44,"column":6},"end":{"line":44,"column":51}},"type":"binary-expr","locations":[{"start":{"line":44,"column":6},"end":{"line":44,"column":27}},{"start":{"line":44,"column":31},"end":{"line":44,"column":51}}],"line":44},"9":{"loc":{"start":{"line":45,"column":2},"end":{"line":45,"column":74}},"type":"if","locations":[{"start":{"line":45,"column":2},"end":{"line":45,"column":74}},{"start":{},"end":{}}],"line":45},"10":{"loc":{"start":{"line":46,"column":2},"end":{"line":46,"column":35}},"type":"if","locations":[{"start":{"line":46,"column":2},"end":{"line":46,"column":35}},{"start":{},"end":{}}],"line":46},"11":{"loc":{"start":{"line":46,"column":6},"end":{"line":46,"column":24}},"type":"binary-expr","locations":[{"start":{"line":46,"column":6},"end":{"line":46,"column":13}},{"start":{"line":46,"column":17},"end":{"line":46,"column":24}}],"line":46},"12":{"loc":{"start":{"line":56,"column":2},"end":{"line":56,"column":101}},"type":"if","locations":[{"start":{"line":56,"column":2},"end":{"line":56,"column":101}},{"start":{},"end":{}}],"line":56},"13":{"loc":{"start":{"line":56,"column":6},"end":{"line":56,"column":51}},"type":"binary-expr","locations":[{"start":{"line":56,"column":6},"end":{"line":56,"column":27}},{"start":{"line":56,"column":31},"end":{"line":56,"column":51}}],"line":56},"14":{"loc":{"start":{"line":57,"column":2},"end":{"line":57,"column":26}},"type":"if","locations":[{"start":{"line":57,"column":2},"end":{"line":57,"column":26}},{"start":{},"end":{}}],"line":57},"15":{"loc":{"start":{"line":59,"column":4},"end":{"line":59,"column":34}},"type":"if","locations":[{"start":{"line":59,"column":4},"end":{"line":59,"column":34}},{"start":{},"end":{}}],"line":59},"16":{"loc":{"start":{"line":71,"column":2},"end":{"line":73,"column":3}},"type":"if","locations":[{"start":{"line":71,"column":2},"end":{"line":73,"column":3}},{"start":{},"end":{}}],"line":71},"17":{"loc":{"start":{"line":71,"column":6},"end":{"line":71,"column":100}},"type":"binary-expr","locations":[{"start":{"line":71,"column":6},"end":{"line":71,"column":27}},{"start":{"line":71,"column":31},"end":{"line":71,"column":52}},{"start":{"line":71,"column":56},"end":{"line":71,"column":76}},{"start":{"line":71,"column":80},"end":{"line":71,"column":100}}],"line":71},"18":{"loc":{"start":{"line":89,"column":2},"end":{"line":91,"column":3}},"type":"if","locations":[{"start":{"line":89,"column":2},"end":{"line":91,"column":3}},{"start":{},"end":{}}],"line":89},"19":{"loc":{"start":{"line":89,"column":6},"end":{"line":89,"column":100}},"type":"binary-expr","locations":[{"start":{"line":89,"column":6},"end":{"line":89,"column":27}},{"start":{"line":89,"column":31},"end":{"line":89,"column":52}},{"start":{"line":89,"column":56},"end":{"line":89,"column":76}},{"start":{"line":89,"column":80},"end":{"line":89,"column":100}}],"line":89},"20":{"loc":{"start":{"line":92,"column":2},"end":{"line":92,"column":35}},"type":"if","locations":[{"start":{"line":92,"column":2},"end":{"line":92,"column":35}},{"start":{},"end":{}}],"line":92},"21":{"loc":{"start":{"line":92,"column":6},"end":{"line":92,"column":24}},"type":"binary-expr","locations":[{"start":{"line":92,"column":6},"end":{"line":92,"column":13}},{"start":{"line":92,"column":17},"end":{"line":92,"column":24}}],"line":92},"22":{"loc":{"start":{"line":102,"column":22},"end":{"line":102,"column":34}},"type":"default-arg","locations":[{"start":{"line":102,"column":33},"end":{"line":102,"column":34}}],"line":102},"23":{"loc":{"start":{"line":103,"column":2},"end":{"line":103,"column":75}},"type":"if","locations":[{"start":{"line":103,"column":2},"end":{"line":103,"column":75}},{"start":{},"end":{}}],"line":103},"24":{"loc":{"start":{"line":104,"column":2},"end":{"line":106,"column":3}},"type":"if","locations":[{"start":{"line":104,"column":2},"end":{"line":106,"column":3}},{"start":{},"end":{}}],"line":104},"25":{"loc":{"start":{"line":104,"column":6},"end":{"line":104,"column":81}},"type":"binary-expr","locations":[{"start":{"line":104,"column":6},"end":{"line":104,"column":34}},{"start":{"line":104,"column":38},"end":{"line":104,"column":65}},{"start":{"line":104,"column":69},"end":{"line":104,"column":81}}],"line":104}},"s":{"0":10,"1":2,"2":8,"3":1,"4":7,"5":11,"6":1,"7":10,"8":25,"9":1,"10":9,"11":22,"12":6,"13":1,"14":5,"15":1,"16":4,"17":26,"18":2,"19":24,"20":1,"21":23,"22":5,"23":18,"24":22,"25":2,"26":20,"27":3,"28":17,"29":17,"30":25,"31":8,"32":9,"33":14,"34":2,"35":12,"36":12,"37":12,"38":26,"39":12,"40":8,"41":2,"42":6,"43":2,"44":4,"45":9,"46":1,"47":8,"48":2,"49":6,"50":6,"51":1},"f":{"0":10,"1":11,"2":25,"3":22,"4":6,"5":26,"6":22,"7":14,"8":8,"9":9},"b":{"0":[2,8],"1":[10,9,8],"2":[1,7],"3":[1,10],"4":[1,9],"5":[1,5],"6":[1,4],"7":[2,24],"8":[26,25],"9":[1,23],"10":[5,18],"11":[23,22],"12":[2,20],"13":[22,21],"14":[3,17],"15":[8,17],"16":[2,12],"17":[14,14,13,12],"18":[2,6],"19":[8,8,7,6],"20":[2,4],"21":[6,5],"22":[1],"23":[1,8],"24":[2,6],"25":[8,8,7]},"_coverageSchema":"1a1c01bbd47fc00a2c39e90264f33305004495a9","hash":"55e96a052f6bdb15104c5b5dde464ccbe9d7aedb"}
,"/home/runner/work/bonda/bonda/src/objectUtils.js": {"path":"/home/runner/work/bonda/bonda/src/objectUtils.js","statementMap":{"0":{"start":{"line":7,"column":2},"end":{"line":7,"column":64}},"1":{"start":{"line":7,"column":51},"end":{"line":7,"column":64}},"2":{"start":{"line":8,"column":2},"end":{"line":8,"column":56}},"3":{"start":{"line":8,"column":28},"end":{"line":8,"column":56}},"4":{"start":{"line":9,"column":2},"end":{"line":9,"column":86}},"5":{"start":{"line":9,"column":66},"end":{"line":9,"column":83}},"6":{"start":{"line":19,"column":2},"end":{"line":19,"column":27}},"7":{"start":{"line":19,"column":15},"end":{"line":19,"column":27}},"8":{"start":{"line":20,"column":2},"end":{"line":20,"column":45}},"9":{"start":{"line":20,"column":32},"end":{"line":20,"column":45}},"10":{"start":{"line":21,"column":2},"end":{"line":21,"column":42}},"11":{"start":{"line":21,"column":29},"end":{"line":21,"column":42}},"12":{"start":{"line":22,"column":2},"end":{"line":22,"column":42}},"13":{"start":{"line":22,"column":29},"end":{"line":22,"column":42}},"14":{"start":{"line":23,"column":2},"end":{"line":23,"column":58}},"15":{"start":{"line":23,"column":45},"end":{"line":23,"column":58}},"16":{"start":{"line":24,"column":16},"end":{"line":24,"column":30}},"17":{"start":{"line":25,"column":16},"end":{"line":25,"column":30}},"18":{"start":{"line":26,"column":2},"end":{"line":26,"column":50}},"19":{"start":{"line":26,"column":37},"end":{"line":26,"column":50}},"20":{"start":{"line":27,"column":2},"end":{"line":27,"column":55}},"21":{"start":{"line":27,"column":28},"end":{"line":27,"column":53}},"22":{"start":{"line":37,"column":2},"end":{"line":37,"column":119}},"23":{"start":{"line":37,"column":69},"end":{"line":37,"column":119}},"24":{"start":{"line":38,"column":2},"end":{"line":38,"column":73}},"25":{"start":{"line":38,"column":28},"end":{"line":38,"column":73}},"26":{"start":{"line":39,"column":2},"end":{"line":42,"column":9}},"27":{"start":{"line":40,"column":4},"end":{"line":40,"column":76}},"28":{"start":{"line":40,"column":56},"end":{"line":40,"column":76}},"29":{"start":{"line":41,"column":4},"end":{"line":41,"column":15}},"30":{"start":{"line":52,"column":2},"end":{"line":52,"column":119}},"31":{"start":{"line":52,"column":69},"end":{"line":52,"column":119}},"32":{"start":{"line":53,"column":2},"end":{"line":53,"column":73}},"33":{"start":{"line":53,"column":28},"end":{"line":53,"column":73}},"34":{"start":{"line":54,"column":18},"end":{"line":54,"column":31}},"35":{"start":{"line":55,"column":2},"end":{"line":55,"column":82}},"36":{"start":{"line":55,"column":64},"end":{"line":55,"column":79}},"37":{"start":{"line":65,"column":2},"end":{"line":65,"column":131}},"38":{"start":{"line":65,"column":78},"end":{"line":65,"column":131}},"39":{"start":{"line":66,"column":2},"end":{"line":66,"column":131}},"40":{"start":{"line":66,"column":78},"end":{"line":66,"column":131}},"41":{"start":{"line":67,"column":17},"end":{"line":67,"column":30}},"42":{"start":{"line":68,"column":2},"end":{"line":81,"column":3}},"43":{"start":{"line":69,"column":4},"end":{"line":80,"column":5}},"44":{"start":{"line":77,"column":6},"end":{"line":77,"column":56}},"45":{"start":{"line":79,"column":6},"end":{"line":79,"column":32}},"46":{"start":{"line":82,"column":2},"end":{"line":82,"column":16}},"47":{"start":{"line":92,"column":2},"end":{"line":92,"column":119}},"48":{"start":{"line":92,"column":69},"end":{"line":92,"column":119}},"49":{"start":{"line":93,"column":2},"end":{"line":101,"column":9}},"50":{"start":{"line":94,"column":19},"end":{"line":94,"column":52}},"51":{"start":{"line":95,"column":4},"end":{"line":99,"column":5}},"52":{"start":{"line":96,"column":6},"end":{"line":96,"column":55}},"53":{"start":{"line":98,"column":6},"end":{"line":98,"column":26}},"54":{"start":{"line":100,"column":4},"end":{"line":100,"column":15}},"55":{"start":{"line":104,"column":0},"end":{"line":104,"column":80}}},"fnMap":{"0":{"name":"deepClone","decl":{"start":{"line":6,"column":9},"end":{"line":6,"column":18}},"loc":{"start":{"line":6,"column":26},"end":{"line":10,"column":1}},"line":6},"1":{"name":"(anonymous_1)","decl":{"start":{"line":9,"column":54},"end":{"line":9,"column":55}},"loc":{"start":{"line":9,"column":66},"end":{"line":9,"column":83}},"line":9},"2":{"name":"deepEqual","decl":{"start":{"line":18,"column":9},"end":{"line":18,"column":18}},"loc":{"start":{"line":18,"column":25},"end":{"line":28,"column":1}},"line":18},"3":{"name":"(anonymous_3)","decl":{"start":{"line":27,"column":21},"end":{"line":27,"column":22}},"loc":{"start":{"line":27,"column":28},"end":{"line":27,"column":53}},"line":27},"4":{"name":"pick","decl":{"start":{"line":36,"column":9},"end":{"line":36,"column":13}},"loc":{"start":{"line":36,"column":25},"end":{"line":43,"column":1}},"line":36},"5":{"name":"(anonymous_5)","decl":{"start":{"line":39,"column":21},"end":{"line":39,"column":22}},"loc":{"start":{"line":39,"column":35},"end":{"line":42,"column":3}},"line":39},"6":{"name":"omit","decl":{"start":{"line":51,"column":9},"end":{"line":51,"column":13}},"loc":{"start":{"line":51,"column":25},"end":{"line":56,"column":1}},"line":51},"7":{"name":"(anonymous_7)","decl":{"start":{"line":55,"column":55},"end":{"line":55,"column":56}},"loc":{"start":{"line":55,"column":64},"end":{"line":55,"column":79}},"line":55},"8":{"name":"deepMerge","decl":{"start":{"line":64,"column":9},"end":{"line":64,"column":18}},"loc":{"start":{"line":64,"column":35},"end":{"line":83,"column":1}},"line":64},"9":{"name":"flattenObject","decl":{"start":{"line":91,"column":9},"end":{"line":91,"column":22}},"loc":{"start":{"line":91,"column":41},"end":{"line":102,"column":1}},"line":91},"10":{"name":"(anonymous_10)","decl":{"start":{"line":93,"column":36},"end":{"line":93,"column":37}},"loc":{"start":{"line":93,"column":59},"end":{"line":101,"column":3}},"line":93}},"branchMap":{"0":{"loc":{"start":{"line":7,"column":2},"end":{"line":7,"column":64}},"type":"if","locations":[{"start":{"line":7,"column":2},"end":{"line":7,"column":64}},{"start":{},"end":{}}],"line":7},"1":{"loc":{"start":{"line":7,"column":6},"end":{"line":7,"column":49}},"type":"binary-expr","locations":[{"start":{"line":7,"column":6},"end":{"line":7,"column":20}},{"start":{"line":7,"column":24},"end":{"line":7,"column":49}}],"line":7},"2":{"loc":{"start":{"line":8,"column":2},"end":{"line":8,"column":56}},"type":"if","locations":[{"start":{"line":8,"column":2},"end":{"line":8,"column":56}},{"start":{},"end":{}}],"line":8},"3":{"loc":{"start":{"line":19,"column":2},"end":{"line":19,"column":27}},"type":"if","locations":[{"start":{"line":19,"column":2},"end":{"line":19,"column":27}},{"start":{},"end":{}}],"line":19},"4":{"loc":{"start":{"line":20,"column":2},"end":{"line":20,"column":45}},"type":"if","locations":[{"start":{"line":20,"column":2},"end":{"line":20,"column":45}},{"start":{},"end":{}}],"line":20},"5":{"loc":{"start":{"line":20,"column":6},"end":{"line":20,"column":30}},"type":"binary-expr","locations":[{"start":{"line":20,"column":6},"end":{"line":20,"column":16}},{"start":{"line":20,"column":20},"end":{"line":20,"column":30}}],"line":20},"6":{"loc":{"start":{"line":21,"column":2},"end":{"line":21,"column":42}},"type":"if","locations":[{"start":{"line":21,"column":2},"end":{"line":21,"column":42}},{"start":{},"end":{}}],"line":21},"7":{"loc":{"start":{"line":22,"column":2},"end":{"line":22,"column":42}},"type":"if","locations":[{"start":{"line":22,"column":2},"end":{"line":22,"column":42}},{"start":{},"end":{}}],"line":22},"8":{"loc":{"start":{"line":23,"column":2},"end":{"line":23,"column":58}},"type":"if","locations":[{"start":{"line":23,"column":2},"end":{"line":23,"column":58}},{"start":{},"end":{}}],"line":23},"9":{"loc":{"start":{"line":26,"column":2},"end":{"line":26,"column":50}},"type":"if","locations":[{"start":{"line":26,"column":2},"end":{"line":26,"column":50}},{"start":{},"end":{}}],"line":26},"10":{"loc":{"start":{"line":37,"column":2},"end":{"line":37,"column":119}},"type":"if","locations":[{"start":{"line":37,"column":2},"end":{"line":37,"column":119}},{"start":{},"end":{}}],"line":37},"11":{"loc":{"start":{"line":37,"column":6},"end":{"line":37,"column":67}},"type":"binary-expr","locations":[{"start":{"line":37,"column":6},"end":{"line":37,"column":18}},{"start":{"line":37,"column":22},"end":{"line":37,"column":45}},{"start":{"line":37,"column":49},"end":{"line":37,"column":67}}],"line":37},"12":{"loc":{"start":{"line":38,"column":2},"end":{"line":38,"column":73}},"type":"if","locations":[{"start":{"line":38,"column":2},"end":{"line":38,"column":73}},{"start":{},"end":{}}],"line":38},"13":{"loc":{"start":{"line":40,"column":4},"end":{"line":40,"column":76}},"type":"if","locations":[{"start":{"line":40,"column":4},"end":{"line":40,"column":76}},{"start":{},"end":{}}],"line":40},"14":{"loc":{"start":{"line":52,"column":2},"end":{"line":52,"column":119}},"type":"if","locations":[{"start":{"line":52,"column":2},"end":{"line":52,"column":119}},{"start":{},"end":{}}],"line":52},"15":{"loc":{"start":{"line":52,"column":6},"end":{"line":52,"column":67}},"type":"binary-expr","locations":[{"start":{"line":52,"column":6},"end":{"line":52,"column":18}},{"start":{"line":52,"column":22},"end":{"line":52,"column":45}},{"start":{"line":52,"column":49},"end":{"line":52,"column":67}}],"line":52},"16":{"loc":{"start":{"line":53,"column":2},"end":{"line":53,"column":73}},"type":"if","locations":[{"start":{"line":53,"column":2},"end":{"line":53,"column":73}},{"start":{},"end":{}}],"line":53},"17":{"loc":{"start":{"line":65,"column":2},"end":{"line":65,"column":131}},"type":"if","locations":[{"start":{"line":65,"column":2},"end":{"line":65,"column":131}},{"start":{},"end":{}}],"line":65},"18":{"loc":{"start":{"line":65,"column":6},"end":{"line":65,"column":76}},"type":"binary-expr","locations":[{"start":{"line":65,"column":6},"end":{"line":65,"column":21}},{"start":{"line":65,"column":25},"end":{"line":65,"column":51}},{"start":{"line":65,"column":55},"end":{"line":65,"column":76}}],"line":65},"19":{"loc":{"start":{"line":66,"column":2},"end":{"line":66,"column":131}},"type":"if","locations":[{"start":{"line":66,"column":2},"end":{"line":66,"column":131}},{"start":{},"end":{}}],"line":66},"20":{"loc":{"start":{"line":66,"column":6},"end":{"line":66,"column":76}},"type":"binary-expr","locations":[{"start":{"line":66,"column":6},"end":{"line":66,"column":21}},{"start":{"line":66,"column":25},"end":{"line":66,"column":51}},{"start":{"line":66,"column":55},"end":{"line":66,"column":76}}],"line":66},"21":{"loc":{"start":{"line":69,"column":4},"end":{"line":80,"column":5}},"type":"if","locations":[{"start":{"line":69,"column":4},"end":{"line":80,"column":5}},{"start":{"line":78,"column":11},"end":{"line":80,"column":5}}],"line":69},"22":{"loc":{"start":{"line":70,"column":6},"end":{"line":75,"column":33}},"type":"binary-expr","locations":[{"start":{"line":70,"column":6},"end":{"line":70,"column":26}},{"start":{"line":71,"column":6},"end":{"line":71,"column":37}},{"start":{"line":72,"column":6},"end":{"line":72,"column":33}},{"start":{"line":73,"column":6},"end":{"line":73,"column":26}},{"start":{"line":74,"column":6},"end":{"line":74,"column":37}},{"start":{"line":75,"column":6},"end":{"line":75,"column":33}}],"line":70},"23":{"loc":{"start":{"line":91,"column":28},"end":{"line":91,"column":39}},"type":"default-arg","locations":[{"start":{"line":91,"column":37},"end":{"line":91,"column":39}}],"line":91},"24":{"loc":{"start":{"line":92,"column":2},"end":{"line":92,"column":119}},"type":"if","locations":[{"start":{"line":92,"column":2},"end":{"line":92,"column":119}},{"start":{},"end":{}}],"line":92},"25":{"loc":{"start":{"line":92,"column":6},"end":{"line":92,"column":67}},"type":"binary-expr","locations":[{"start":{"line":92,"column":6},"end":{"line":92,"column":18}},{"start":{"line":92,"column":22},"end":{"line":92,"column":45}},{"start":{"line":92,"column":49},"end":{"line":92,"column":67}}],"line":92},"26":{"loc":{"start":{"line":94,"column":19},"end":{"line":94,"column":52}},"type":"cond-expr","locations":[{"start":{"line":94,"column":28},"end":{"line":94,"column":46}},{"start":{"line":94,"column":49},"end":{"line":94,"column":52}}],"line":94},"27":{"loc":{"start":{"line":95,"column":4},"end":{"line":99,"column":5}},"type":"if","locations":[{"start":{"line":95,"column":4},"end":{"line":99,"column":5}},{"start":{"line":97,"column":11},"end":{"line":99,"column":5}}],"line":95},"28":{"loc":{"start":{"line":95,"column":8},"end":{"line":95,"column":76}},"type":"binary-expr","locations":[{"start":{"line":95,"column":8},"end":{"line":95,"column":22}},{"start":{"line":95,"column":26},"end":{"line":95,"column":51}},{"start":{"line":95,"column":55},"end":{"line":95,"column":76}}],"line":95}},"s":{"0":24,"1":14,"2":10,"3":4,"4":6,"5":8,"6":31,"7":10,"8":21,"9":2,"10":19,"11":2,"12":17,"13":5,"14":12,"15":1,"16":11,"17":11,"18":11,"19":1,"20":10,"21":14,"22":7,"23":2,"24":5,"25":1,"26":4,"27":5,"28":4,"29":5,"30":7,"31":2,"32":5,"33":1,"34":4,"35":4,"36":9,"37":10,"38":2,"39":8,"40":2,"41":6,"42":6,"43":8,"44":1,"45":7,"46":6,"47":11,"48":2,"49":9,"50":10,"51":10,"52":4,"53":6,"54":10,"55":1},"f":{"0":24,"1":8,"2":31,"3":14,"4":7,"5":5,"6":7,"7":9,"8":10,"9":11,"10":10},"b":{"0":[14,10],"1":[24,23],"2":[4,6],"3":[10,21],"4":[2,19],"5":[21,20],"6":[2,17],"7":[5,12],"8":[1,11],"9":[1,10],"10":[2,5],"11":[7,6,6],"12":[1,4],"13":[4,1],"14":[2,5],"15":[7,6,6],"16":[1,4],"17":[2,8],"18":[10,9,9],"19":[2,6],"20":[8,7,7],"21":[1,7],"22":[8,8,2,1,1,1],"23":[7],"24":[2,9],"25":[11,10,10],"26":[4,6],"27":[4,6],"28":[10,9,5]},"_coverageSchema":"1a1c01bbd47fc00a2c39e90264f33305004495a9","hash":"698dda41968cd15e136f01978b6a33b18f578da8"}
,"/home/runner/work/bonda/bonda/src/stringUtils.js": {"path":"/home/runner/work/bonda/bonda/src/stringUtils.js","statementMap":{"0":{"start":{"line":7,"column":2},"end":{"line":7,"column":77}},"1":{"start":{"line":7,"column":31},"end":{"line":7,"column":77}},"2":{"start":{"line":8,"column":2},"end":{"line":8,"column":35}},"3":{"start":{"line":8,"column":24},"end":{"line":8,"column":35}},"4":{"start":{"line":9,"column":2},"end":{"line":9,"column":52}},"5":{"start":{"line":18,"column":2},"end":{"line":18,"column":77}},"6":{"start":{"line":18,"column":31},"end":{"line":18,"column":77}},"7":{"start":{"line":19,"column":2},"end":{"line":19,"column":42}},"8":{"start":{"line":28,"column":2},"end":{"line":28,"column":77}},"9":{"start":{"line":28,"column":31},"end":{"line":28,"column":77}},"10":{"start":{"line":29,"column":18},"end":{"line":29,"column":61}},"11":{"start":{"line":30,"column":2},"end":{"line":30,"column":58}},"12":{"start":{"line":40,"column":2},"end":{"line":40,"column":77}},"13":{"start":{"line":40,"column":31},"end":{"line":40,"column":77}},"14":{"start":{"line":41,"column":2},"end":{"line":41,"column":118}},"15":{"start":{"line":41,"column":54},"end":{"line":41,"column":118}},"16":{"start":{"line":42,"column":2},"end":{"line":42,"column":42}},"17":{"start":{"line":42,"column":31},"end":{"line":42,"column":42}},"18":{"start":{"line":43,"column":2},"end":{"line":43,"column":41}},"19":{"start":{"line":53,"column":2},"end":{"line":53,"column":109}},"20":{"start":{"line":53,"column":58},"end":{"line":53,"column":109}},"21":{"start":{"line":54,"column":2},"end":{"line":54,"column":33}},"22":{"start":{"line":54,"column":24},"end":{"line":54,"column":33}},"23":{"start":{"line":55,"column":14},"end":{"line":55,"column":15}},"24":{"start":{"line":56,"column":12},"end":{"line":56,"column":28}},"25":{"start":{"line":57,"column":2},"end":{"line":60,"column":3}},"26":{"start":{"line":58,"column":4},"end":{"line":58,"column":12}},"27":{"start":{"line":59,"column":4},"end":{"line":59,"column":36}},"28":{"start":{"line":61,"column":2},"end":{"line":61,"column":15}},"29":{"start":{"line":70,"column":2},"end":{"line":70,"column":77}},"30":{"start":{"line":70,"column":31},"end":{"line":70,"column":77}},"31":{"start":{"line":71,"column":2},"end":{"line":71,"column":72}},"32":{"start":{"line":80,"column":2},"end":{"line":80,"column":77}},"33":{"start":{"line":80,"column":31},"end":{"line":80,"column":77}},"34":{"start":{"line":81,"column":2},"end":{"line":81,"column":67}},"35":{"start":{"line":81,"column":47},"end":{"line":81,"column":65}},"36":{"start":{"line":84,"column":0},"end":{"line":84,"column":111}}},"fnMap":{"0":{"name":"capitalize","decl":{"start":{"line":6,"column":9},"end":{"line":6,"column":19}},"loc":{"start":{"line":6,"column":25},"end":{"line":10,"column":1}},"line":6},"1":{"name":"reverse","decl":{"start":{"line":17,"column":9},"end":{"line":17,"column":16}},"loc":{"start":{"line":17,"column":22},"end":{"line":20,"column":1}},"line":17},"2":{"name":"isPalindrome","decl":{"start":{"line":27,"column":9},"end":{"line":27,"column":21}},"loc":{"start":{"line":27,"column":27},"end":{"line":31,"column":1}},"line":27},"3":{"name":"truncate","decl":{"start":{"line":39,"column":9},"end":{"line":39,"column":17}},"loc":{"start":{"line":39,"column":34},"end":{"line":44,"column":1}},"line":39},"4":{"name":"countOccurrences","decl":{"start":{"line":52,"column":9},"end":{"line":52,"column":25}},"loc":{"start":{"line":52,"column":36},"end":{"line":62,"column":1}},"line":52},"5":{"name":"camelToSnake","decl":{"start":{"line":69,"column":9},"end":{"line":69,"column":21}},"loc":{"start":{"line":69,"column":27},"end":{"line":72,"column":1}},"line":69},"6":{"name":"snakeToCamel","decl":{"start":{"line":79,"column":9},"end":{"line":79,"column":21}},"loc":{"start":{"line":79,"column":27},"end":{"line":82,"column":1}},"line":79},"7":{"name":"(anonymous_7)","decl":{"start":{"line":81,"column":34},"end":{"line":81,"column":35}},"loc":{"start":{"line":81,"column":47},"end":{"line":81,"column":65}},"line":81}},"branchMap":{"0":{"loc":{"start":{"line":7,"column":2},"end":{"line":7,"column":77}},"type":"if","locations":[{"start":{"line":7,"column":2},"end":{"line":7,"column":77}},{"start":{},"end":{}}],"line":7},"1":{"loc":{"start":{"line":8,"column":2},"end":{"line":8,"column":35}},"type":"if","locations":[{"start":{"line":8,"column":2},"end":{"line":8,"column":35}},{"start":{},"end":{}}],"line":8},"2":{"loc":{"start":{"line":18,"column":2},"end":{"line":18,"column":77}},"type":"if","locations":[{"start":{"line":18,"column":2},"end":{"line":18,"column":77}},{"start":{},"end":{}}],"line":18},"3":{"loc":{"start":{"line":28,"column":2},"end":{"line":28,"column":77}},"type":"if","locations":[{"start":{"line":28,"column":2},"end":{"line":28,"column":77}},{"start":{},"end":{}}],"line":28},"4":{"loc":{"start":{"line":40,"column":2},"end":{"line":40,"column":77}},"type":"if","locations":[{"start":{"line":40,"column":2},"end":{"line":40,"column":77}},{"start":{},"end":{}}],"line":40},"5":{"loc":{"start":{"line":41,"column":2},"end":{"line":41,"column":118}},"type":"if","locations":[{"start":{"line":41,"column":2},"end":{"line":41,"column":118}},{"start":{},"end":{}}],"line":41},"6":{"loc":{"start":{"line":41,"column":6},"end":{"line":41,"column":52}},"type":"binary-expr","locations":[{"start":{"line":41,"column":6},"end":{"line":41,"column":35}},{"start":{"line":41,"column":39},"end":{"line":41,"column":52}}],"line":41},"7":{"loc":{"start":{"line":42,"column":2},"end":{"line":42,"column":42}},"type":"if","locations":[{"start":{"line":42,"column":2},"end":{"line":42,"column":42}},{"start":{},"end":{}}],"line":42},"8":{"loc":{"start":{"line":53,"column":2},"end":{"line":53,"column":109}},"type":"if","locations":[{"start":{"line":53,"column":2},"end":{"line":53,"column":109}},{"start":{},"end":{}}],"line":53},"9":{"loc":{"start":{"line":53,"column":6},"end":{"line":53,"column":56}},"type":"binary-expr","locations":[{"start":{"line":53,"column":6},"end":{"line":53,"column":29}},{"start":{"line":53,"column":33},"end":{"line":53,"column":56}}],"line":53},"10":{"loc":{"start":{"line":54,"column":2},"end":{"line":54,"column":33}},"type":"if","locations":[{"start":{"line":54,"column":2},"end":{"line":54,"column":33}},{"start":{},"end":{}}],"line":54},"11":{"loc":{"start":{"line":70,"column":2},"end":{"line":70,"column":77}},"type":"if","locations":[{"start":{"line":70,"column":2},"end":{"line":70,"column":77}},{"start":{},"end":{}}],"line":70},"12":{"loc":{"start":{"line":80,"column":2},"end":{"line":80,"column":77}},"type":"if","locations":[{"start":{"line":80,"column":2},"end":{"line":80,"column":77}},{"start":{},"end":{}}],"line":80}},"s":{"0":8,"1":3,"2":5,"3":1,"4":4,"5":7,"6":2,"7":5,"8":9,"9":1,"10":8,"11":8,"12":8,"13":1,"14":7,"15":2,"16":5,"17":3,"18":2,"19":8,"20":2,"21":6,"22":1,"23":5,"24":5,"25":5,"26":6,"27":6,"28":5,"29":6,"30":1,"31":5,"32":5,"33":1,"34":4,"35":3,"36":1},"f":{"0":8,"1":7,"2":9,"3":8,"4":8,"5":6,"6":5,"7":3},"b":{"0":[3,5],"1":[1,4],"2":[2,5],"3":[1,8],"4":[1,7],"5":[2,5],"6":[7,6],"7":[3,2],"8":[2,6],"9":[8,7],"10":[1,5],"11":[1,5],"12":[1,4]},"_coverageSchema":"1a1c01bbd47fc00a2c39e90264f33305004495a9","hash":"b795770597bb84c640bef61ed394d0de4fca441e"}
}
