TN:
SF:src/arrayUtils.js
FN:6,unique
FN:17,flatten
FN:28,groupBy
FN:31,(anonymous_3)
FN:45,chunk
FN:61,difference
FN:64,(anonymous_6)
FN:73,intersection
FN:76,(anonymous_8)
FN:86,sortBy
FN:89,(anonymous_10)
FNF:11
FNH:11
FNDA:8,unique
FNDA:7,flatten
FNDA:5,groupBy
FNDA:6,(anonymous_3)
FNDA:8,chunk
FNDA:7,difference
FNDA:12,(anonymous_6)
FNDA:7,intersection
FNDA:10,(anonymous_8)
FNDA:7,sortBy
FNDA:13,(anonymous_10)
DA:7,8
DA:8,6
DA:18,7
DA:19,5
DA:29,5
DA:30,4
DA:31,3
DA:32,6
DA:33,6
DA:34,6
DA:35,6
DA:46,8
DA:47,7
DA:48,4
DA:49,4
DA:50,7
DA:52,4
DA:62,7
DA:63,5
DA:64,12
DA:74,7
DA:75,5
DA:76,10
DA:87,7
DA:88,6
DA:89,5
DA:90,13
DA:91,8
DA:92,2
DA:94,5
DA:97,1
LF:31
LH:31
BRDA:7,0,0,2
BRDA:7,0,1,6
BRDA:17,1,0,5
BRDA:18,2,0,2
BRDA:18,2,1,5
BRDA:29,3,0,1
BRDA:29,3,1,4
BRDA:30,4,0,1
BRDA:30,4,1,3
BRDA:33,5,0,4
BRDA:33,5,1,2
BRDA:46,6,0,1
BRDA:46,6,1,7
BRDA:47,7,0,3
BRDA:47,7,1,4
BRDA:47,8,0,7
BRDA:47,8,1,6
BRDA:62,9,0,2
BRDA:62,9,1,5
BRDA:62,10,0,7
BRDA:62,10,1,6
BRDA:74,11,0,2
BRDA:74,11,1,5
BRDA:74,12,0,7
BRDA:74,12,1,6
BRDA:86,13,0,6
BRDA:87,14,0,1
BRDA:87,14,1,6
BRDA:88,15,0,1
BRDA:88,15,1,5
BRDA:90,16,0,5
BRDA:90,16,1,8
BRDA:91,17,0,6
BRDA:91,17,1,2
BRDA:94,18,0,1
BRDA:94,18,1,4
BRF:36
BRH:36
end_of_record
TN:
SF:src/mathUtils.js
FN:8,clamp
FN:21,sum
FN:23,(anonymous_2)
FN:24,(anonymous_3)
FN:32,average
FN:43,factorial
FN:55,isPrime
FN:70,gcd
FN:88,lcm
FN:102,roundTo
FNF:10
FNH:10
FNDA:10,clamp
FNDA:11,sum
FNDA:25,(anonymous_2)
FNDA:22,(anonymous_3)
FNDA:6,average
FNDA:26,factorial
FNDA:22,isPrime
FNDA:14,gcd
FNDA:8,lcm
FNDA:9,roundTo
DA:9,10
DA:10,2
DA:12,8
DA:13,7
DA:22,11
DA:23,25
DA:24,22
DA:33,6
DA:34,5
DA:35,4
DA:44,26
DA:45,24
DA:46,23
DA:47,18
DA:56,22
DA:57,20
DA:58,17
DA:59,25
DA:61,9
DA:71,14
DA:72,2
DA:74,12
DA:75,12
DA:76,12
DA:77,26
DA:79,12
DA:89,8
DA:90,2
DA:92,6
DA:93,4
DA:103,9
DA:104,8
DA:105,2
DA:107,6
DA:108,6
DA:111,1
LF:36
LH:36
BRDA:9,0,0,2
BRDA:9,0,1,8
BRDA:9,1,0,10
BRDA:9,1,1,9
BRDA:9,1,2,8
BRDA:12,2,0,1
BRDA:12,2,1,7
BRDA:22,3,0,1
BRDA:22,3,1,10
BRDA:23,4,0,1
BRDA:23,4,1,9
BRDA:33,5,0,1
BRDA:33,5,1,5
BRDA:34,6,0,1
BRDA:34,6,1,4
BRDA:44,7,0,2
BRDA:44,7,1,24
BRDA:44,8,0,26
BRDA:44,8,1,25
BRDA:45,9,0,1
BRDA:45,9,1,23
BRDA:46,10,0,5
BRDA:46,10,1,18
BRDA:46,11,0,23
BRDA:46,11,1,22
BRDA:56,12,0,2
BRDA:56,12,1,20
BRDA:56,13,0,22
BRDA:56,13,1,21
BRDA:57,14,0,3
BRDA:57,14,1,17
BRDA:59,15,0,8
BRDA:59,15,1,17
BRDA:71,16,0,2
BRDA:71,16,1,12
BRDA:71,17,0,14
BRDA:71,17,1,14
BRDA:71,17,2,13
BRDA:71,17,3,12
BRDA:89,18,0,2
BRDA:89,18,1,6
BRDA:89,19,0,8
BRDA:89,19,1,8
BRDA:89,19,2,7
BRDA:89,19,3,6
BRDA:92,20,0,2
BRDA:92,20,1,4
BRDA:92,21,0,6
BRDA:92,21,1,5
BRDA:102,22,0,1
BRDA:103,23,0,1
BRDA:103,23,1,8
BRDA:104,24,0,2
BRDA:104,24,1,6
BRDA:104,25,0,8
BRDA:104,25,1,8
BRDA:104,25,2,7
BRF:57
BRH:57
end_of_record
TN:
SF:src/objectUtils.js
FN:6,deepClone
FN:9,(anonymous_1)
FN:18,deepEqual
FN:27,(anonymous_3)
FN:36,pick
FN:39,(anonymous_5)
FN:51,omit
FN:55,(anonymous_7)
FN:64,deepMerge
FN:91,flattenObject
FN:93,(anonymous_10)
FNF:11
FNH:11
FNDA:24,deepClone
FNDA:8,(anonymous_1)
FNDA:31,deepEqual
FNDA:14,(anonymous_3)
FNDA:7,pick
FNDA:5,(anonymous_5)
FNDA:7,omit
FNDA:9,(anonymous_7)
FNDA:10,deepMerge
FNDA:11,flattenObject
FNDA:10,(anonymous_10)
DA:7,24
DA:8,10
DA:9,8
DA:19,31
DA:20,21
DA:21,19
DA:22,17
DA:23,12
DA:24,11
DA:25,11
DA:26,11
DA:27,14
DA:37,7
DA:38,5
DA:39,4
DA:40,5
DA:41,5
DA:52,7
DA:53,5
DA:54,4
DA:55,9
DA:65,10
DA:66,8
DA:67,6
DA:68,6
DA:69,8
DA:77,1
DA:79,7
DA:82,6
DA:92,11
DA:93,9
DA:94,10
DA:95,10
DA:96,4
DA:98,6
DA:100,10
DA:104,1
LF:37
LH:37
BRDA:7,0,0,14
BRDA:7,0,1,10
BRDA:7,1,0,24
BRDA:7,1,1,23
BRDA:8,2,0,4
BRDA:8,2,1,6
BRDA:19,3,0,10
BRDA:19,3,1,21
BRDA:20,4,0,2
BRDA:20,4,1,19
BRDA:20,5,0,21
BRDA:20,5,1,20
BRDA:21,6,0,2
BRDA:21,6,1,17
BRDA:22,7,0,5
BRDA:22,7,1,12
BRDA:23,8,0,1
BRDA:23,8,1,11
BRDA:26,9,0,1
BRDA:26,9,1,10
BRDA:37,10,0,2
BRDA:37,10,1,5
BRDA:37,11,0,7
BRDA:37,11,1,6
BRDA:37,11,2,6
BRDA:38,12,0,1
BRDA:38,12,1,4
BRDA:40,13,0,4
BRDA:40,13,1,1
BRDA:52,14,0,2
BRDA:52,14,1,5
BRDA:52,15,0,7
BRDA:52,15,1,6
BRDA:52,15,2,6
BRDA:53,16,0,1
BRDA:53,16,1,4
BRDA:65,17,0,2
BRDA:65,17,1,8
BRDA:65,18,0,10
BRDA:65,18,1,9
BRDA:65,18,2,9
BRDA:66,19,0,2
BRDA:66,19,1,6
BRDA:66,20,0,8
BRDA:66,20,1,7
BRDA:66,20,2,7
BRDA:69,21,0,1
BRDA:69,21,1,7
BRDA:70,22,0,8
BRDA:70,22,1,8
BRDA:70,22,2,2
BRDA:70,22,3,1
BRDA:70,22,4,1
BRDA:70,22,5,1
BRDA:91,23,0,7
BRDA:92,24,0,2
BRDA:92,24,1,9
BRDA:92,25,0,11
BRDA:92,25,1,10
BRDA:92,25,2,10
BRDA:94,26,0,4
BRDA:94,26,1,6
BRDA:95,27,0,4
BRDA:95,27,1,6
BRDA:95,28,0,10
BRDA:95,28,1,9
BRDA:95,28,2,5
BRF:67
BRH:67
end_of_record
TN:
SF:src/stringUtils.js
FN:6,capitalize
FN:17,reverse
FN:27,isPalindrome
FN:39,truncate
FN:52,countOccurrences
FN:69,camelToSnake
FN:79,snakeToCamel
FN:81,(anonymous_7)
FNF:8
FNH:8
FNDA:8,capitalize
FNDA:7,reverse
FNDA:9,isPalindrome
FNDA:8,truncate
FNDA:8,countOccurrences
FNDA:6,camelToSnake
FNDA:5,snakeToCamel
FNDA:3,(anonymous_7)
DA:7,8
DA:8,5
DA:9,4
DA:18,7
DA:19,5
DA:28,9
DA:29,8
DA:30,8
DA:40,8
DA:41,7
DA:42,5
DA:43,2
DA:53,8
DA:54,6
DA:55,5
DA:56,5
DA:57,5
DA:58,6
DA:59,6
DA:61,5
DA:70,6
DA:71,5
DA:80,5
DA:81,4
DA:84,1
LF:25
LH:25
BRDA:7,0,0,3
BRDA:7,0,1,5
BRDA:8,1,0,1
BRDA:8,1,1,4
BRDA:18,2,0,2
BRDA:18,2,1,5
BRDA:28,3,0,1
BRDA:28,3,1,8
BRDA:40,4,0,1
BRDA:40,4,1,7
BRDA:41,5,0,2
BRDA:41,5,1,5
BRDA:41,6,0,7
BRDA:41,6,1,6
BRDA:42,7,0,3
BRDA:42,7,1,2
BRDA:53,8,0,2
BRDA:53,8,1,6
BRDA:53,9,0,8
BRDA:53,9,1,7
BRDA:54,10,0,1
BRDA:54,10,1,5
BRDA:70,11,0,1
BRDA:70,11,1,5
BRDA:80,12,0,1
BRDA:80,12,1,4
BRF:26
BRH:26
end_of_record
